"../../../../../../Users/ununh/Documents/Unreal Projects/Tank_Operators/Content/Geometry/Meshes/CubeMaterial.uasset" 0
"../../../../../../Users/ununh/Documents/Unreal Projects/Tank_Operators/Content/Geometry/Meshes/1M_Cube.uasset" 1
"../../../../../../Users/ununh/Documents/Unreal Projects/Tank_Operators/Content/Geometry/Meshes/1M_Cube_Chamfer.uasset" 2
"../../../../../../Users/ununh/Documents/Unreal Projects/Tank_Operators/Content/Geometry/Meshes/TemplateFloor.uasset" 3
"../../../../../../Users/ununh/Documents/Unreal Projects/Tank_Operators/Content/Mannequin/Character/Mesh/UE4_Mannequin_Skeleton.uasset" 4
"../../../../../../Users/ununh/Documents/Unreal Projects/Tank_Operators/Content/Mannequin/Animations/ThirdPersonJump_End.uasset" 5
"../../../../../../Users/ununh/Documents/Unreal Projects/Tank_Operators/Content/ThirdPerson/Meshes/RampMaterial.uasset" 6
"../../../../../../Users/ununh/Documents/Unreal Projects/Tank_Operators/Content/ThirdPerson/Meshes/Bump_StaticMesh.uasset" 7
"../../../../../../Users/ununh/Documents/Unreal Projects/Tank_Operators/Content/ThirdPerson/Meshes/LeftArm_StaticMesh.uasset" 8
"../../../../../../Users/ununh/Documents/Unreal Projects/Tank_Operators/Content/ThirdPerson/Meshes/Linear_Stair_StaticMesh.uasset" 9
"../../../../../../Users/ununh/Documents/Unreal Projects/Tank_Operators/Content/ThirdPerson/Meshes/Ramp_StaticMesh.uasset" 10
"../../../../../../Users/ununh/Documents/Unreal Projects/Tank_Operators/Content/ThirdPerson/Meshes/RightArm_StaticMesh.uasset" 11
"../../../../../../Users/ununh/Documents/Unreal Projects/Tank_Operators/Content/ThirdPersonBP/ThirdPersonOverview.uasset" 12
"../../../../../../Users/ununh/Documents/Unreal Projects/Tank_Operators/Content/Mannequin/Animations/ThirdPerson_Jump.uasset" 13
"../../../../../../Users/ununh/Documents/Unreal Projects/Tank_Operators/Content/Mannequin/Animations/ThirdPersonJump_Loop.uasset" 14
"../../../../../../Users/ununh/Documents/Unreal Projects/Tank_Operators/Content/Mannequin/Animations/ThirdPersonJump_Start.uasset" 15
"../../../../../../Users/ununh/Documents/Unreal Projects/Tank_Operators/Content/Mannequin/Animations/ThirdPersonIdle.uasset" 16
"../../../../../../Users/ununh/Documents/Unreal Projects/Tank_Operators/Content/Mannequin/Animations/ThirdPersonRun.uasset" 17
"../../../../../../Users/ununh/Documents/Unreal Projects/Tank_Operators/Content/Mannequin/Animations/ThirdPersonWalk.uasset" 18
"../../../../../../Users/ununh/Documents/Unreal Projects/Tank_Operators/Content/Mannequin/Animations/ThirdPerson_IdleRun_2D.uasset" 19
"../../../Engine/Content/EditorBlueprintResources/StandardMacros.uasset" 20
"../../../../../../Users/ununh/Documents/Unreal Projects/Tank_Operators/Content/Mannequin/Animations/ThirdPerson_AnimBP.uasset" 21
"../../../Engine/Content/Functions/Engine_MaterialFunctions02/Utility/BlendAngleCorrectedNormals.uasset" 22
"../../../Engine/Content/Functions/MaterialLayerFunctions/MatLayerBlend_NormalBlend.uasset" 23
"../../../Engine/Content/Functions/MaterialLayerFunctions/MatLayerBlend_Simple.uasset" 24
"../../../../../../Users/ununh/Documents/Unreal Projects/Tank_Operators/Content/Mannequin/Character/Materials/MaterialLayers/T_ML_Rubber_Blue_01_D.uasset" 25
"../../../../../../Users/ununh/Documents/Unreal Projects/Tank_Operators/Content/Mannequin/Character/Materials/MaterialLayers/T_ML_Rubber_Blue_01_N.uasset" 26
"../../../../../../Users/ununh/Documents/Unreal Projects/Tank_Operators/Content/Mannequin/Character/Materials/MaterialLayers/ML_GlossyBlack_Latex_UE4.uasset" 27
"../../../../../../Users/ununh/Documents/Unreal Projects/Tank_Operators/Content/Mannequin/Character/Materials/MaterialLayers/ML_Plastic_Shiny_Beige.uasset" 28
"../../../../../../Users/ununh/Documents/Unreal Projects/Tank_Operators/Content/Mannequin/Character/Textures/UE4_LOGO_CARD.uasset" 29
"../../../../../../Users/ununh/Documents/Unreal Projects/Tank_Operators/Content/Mannequin/Character/Materials/MaterialLayers/ML_Plastic_Shiny_Beige_LOGO.uasset" 30
"../../../../../../Users/ununh/Documents/Unreal Projects/Tank_Operators/Content/Mannequin/Character/Materials/MaterialLayers/T_ML_Aluminum01.uasset" 31
"../../../../../../Users/ununh/Documents/Unreal Projects/Tank_Operators/Content/Mannequin/Character/Materials/MaterialLayers/T_ML_Aluminum01_N.uasset" 32
"../../../../../../Users/ununh/Documents/Unreal Projects/Tank_Operators/Content/Mannequin/Character/Materials/MaterialLayers/ML_SoftMetal_UE4.uasset" 33
"../../../../../../Users/ununh/Documents/Unreal Projects/Tank_Operators/Content/Mannequin/Character/Textures/UE4_Mannequin__normals.uasset" 34
"../../../../../../Users/ununh/Documents/Unreal Projects/Tank_Operators/Content/Mannequin/Character/Textures/UE4_Mannequin_MAT_MASKA.uasset" 35
"../../../../../../Users/ununh/Documents/Unreal Projects/Tank_Operators/Content/Mannequin/Character/Materials/M_UE4Man_Body.uasset" 36
"../../../../../../Users/ununh/Documents/Unreal Projects/Tank_Operators/Content/Mannequin/Character/Textures/UE4Man_Logo_N.uasset" 37
"../../../../../../Users/ununh/Documents/Unreal Projects/Tank_Operators/Content/Mannequin/Character/Materials/M_UE4Man_ChestLogo.uasset" 38
"../../../../../../Users/ununh/Documents/Unreal Projects/Tank_Operators/Content/Mannequin/Character/Mesh/SK_Mannequin_PhysicsAsset.uasset" 39
"../../../../../../Users/ununh/Documents/Unreal Projects/Tank_Operators/Content/Mannequin/Character/Mesh/SK_Mannequin.uasset" 40
"../../../../../../Users/ununh/Documents/Unreal Projects/Tank_Operators/Content/ThirdPersonBP/Blueprints/ThirdPersonCharacter.uasset" 41
"../../../../../../Users/ununh/Documents/Unreal Projects/Tank_Operators/Content/TopDown/Textures/SoldierSprites.uasset" 42
"../../../../../../Users/ununh/Documents/Unreal Projects/Tank_Operators/Content/TopDown/SoldierSprites.uasset" 43
"../../../Engine/Content/BasicShapes/BasicShapeMaterial.uasset" 44
"../../../Engine/Content/Functions/Engine_MaterialFunctions01/Opacity/CameraDepthFade.uasset" 45
"../../../Engine/Content/EngineMaterials/T_Default_Material_Grid_M.uasset" 46
"../../../Engine/Content/EngineMaterials/T_Default_Material_Grid_N.uasset" 47
"../../../Engine/Content/EngineMaterials/WorldGridMaterial.uasset" 48
"../../../Engine/Content/BasicShapes/Cube.uasset" 49
"../../../../../../Users/ununh/Documents/Unreal Projects/Tank_Operators/Content/TopDown/test.uasset" 50
"../../../../../../Users/ununh/Documents/Unreal Projects/Tank_Operators/Content/TopDown/PlayerComm_Interface.uasset" 51
"../../Plugins/2D/Paper2D/Content/PlaceholderTextures/DummySpriteTexture.uasset" 52
"../../Plugins/2D/Paper2D/Content/DefaultSpriteMaterial.uasset" 53
"../../Plugins/2D/Paper2D/Content/TranslucentUnlitSpriteMaterial.uasset" 54
"../../../../../../Users/ununh/Documents/Unreal Projects/Tank_Operators/Content/TopDown/Textures/Projectiles/ProjectileSprite.uasset" 55
"../../../../../../Users/ununh/Documents/Unreal Projects/Tank_Operators/Content/TopDown/Projectile.uasset" 56
"../../../../../../Users/ununh/Documents/Unreal Projects/Tank_Operators/Content/TopDown/EnemyTankProjectile.uasset" 57
"../../../../../../Users/ununh/Documents/Unreal Projects/Tank_Operators/Content/TopDown/Textures/TankBody/TopDown_soldier_tank_body_v6_Sprite.uasset" 58
"../../../../../../Users/ununh/Documents/Unreal Projects/Tank_Operators/Content/TopDown/FlipBooks/TopDown_soldier_tank_body_Flipbook.uasset" 59
"../../../../../../Users/ununh/Documents/Unreal Projects/Tank_Operators/Content/TopDown/Textures/Turret/TopDown_soldier_tank_turrent_invis.uasset" 60
"../../../../../../Users/ununh/Documents/Unreal Projects/Tank_Operators/Content/TopDown/Textures/TankTurret_Mat.uasset" 61
"../../../../../../Users/ununh/Documents/Unreal Projects/Tank_Operators/Content/TopDown/Textures/Turret/TopDown_soldier_tank_turrent_Sprite.uasset" 62
"../../../../../../Users/ununh/Documents/Unreal Projects/Tank_Operators/Content/TopDown/FlipBooks/TopDown_soldier_tank_turrent_Flipbook.uasset" 63
"../../../../../../Users/ununh/Documents/Unreal Projects/Tank_Operators/Content/TopDown/UI/CamView/TankViewRenderTarget.uasset" 64
"../../../../../../Users/ununh/Documents/Unreal Projects/Tank_Operators/Content/TopDown/UI/CamView/M_TargetMaterial.uasset" 65
"../../../../../../Users/ununh/Documents/Unreal Projects/Tank_Operators/Content/TopDown/HUD/WB_TankView.uasset" 66
"../../../../../../Users/ununh/Documents/Unreal Projects/Tank_Operators/Content/TopDown/TankActorParent.uasset" 67
"../../../../../../Users/ununh/Documents/Unreal Projects/Tank_Operators/Content/TopDown/TankActorEasy.uasset" 68
"../../../../../../Users/ununh/Documents/Unreal Projects/Tank_Operators/Content/TopDown/Enums/AnimationState.uasset" 69
"../../../../../../Users/ununh/Documents/Unreal Projects/Tank_Operators/Content/TopDown/Enums/PlayerHolding.uasset" 70
"../../../../../../Users/ununh/Documents/Unreal Projects/Tank_Operators/Content/TopDown/Enums/PlayerPosition.uasset" 71
"../../../../../../Users/ununh/Documents/Unreal Projects/Tank_Operators/Content/TopDown/Textures/KeyTooltip/KeyTooltip_SpriteSheet_Sprite_4.uasset" 72
"../../../../../../Users/ununh/Documents/Unreal Projects/Tank_Operators/Content/TopDown/Textures/KeyTooltip/KeyTooltip_SpriteSheet_Sprite_5.uasset" 73
"../../../../../../Users/ununh/Documents/Unreal Projects/Tank_Operators/Content/TopDown/Textures/KeyTooltip/7_Tooltip.uasset" 74
"../../../../../../Users/ununh/Documents/Unreal Projects/Tank_Operators/Content/TopDown/Textures/KeyTooltip/KeyTooltip_SpriteSheet_Sprite_6.uasset" 75
"../../../../../../Users/ununh/Documents/Unreal Projects/Tank_Operators/Content/TopDown/Textures/KeyTooltip/KeyTooltip_SpriteSheet_Sprite_7.uasset" 76
"../../../../../../Users/ununh/Documents/Unreal Projects/Tank_Operators/Content/TopDown/Textures/KeyTooltip/9_Tooltip.uasset" 77
"../../../../../../Users/ununh/Documents/Unreal Projects/Tank_Operators/Content/TopDown/Textures/KeyTooltip/KeyTooltip_SpriteSheet_Sprite_0.uasset" 78
"../../../../../../Users/ununh/Documents/Unreal Projects/Tank_Operators/Content/TopDown/Textures/KeyTooltip/KeyTooltip_SpriteSheet_Sprite_1.uasset" 79
"../../../../../../Users/ununh/Documents/Unreal Projects/Tank_Operators/Content/TopDown/Textures/KeyTooltip/E_Tootlip.uasset" 80
"../../../../../../Users/ununh/Documents/Unreal Projects/Tank_Operators/Content/TopDown/Textures/KeyTooltip/KeyTooltip_SpriteSheet_Sprite_2.uasset" 81
"../../../../../../Users/ununh/Documents/Unreal Projects/Tank_Operators/Content/TopDown/Textures/KeyTooltip/KeyTooltip_SpriteSheet_Sprite_3.uasset" 82
"../../../../../../Users/ununh/Documents/Unreal Projects/Tank_Operators/Content/TopDown/Textures/KeyTooltip/Q_Tooltip.uasset" 83
"../../../../../../Users/ununh/Documents/Unreal Projects/Tank_Operators/Content/TopDown/Textures/LoadCircle/CircleLoad_SpriteSheet_Sprite_0.uasset" 84
"../../../../../../Users/ununh/Documents/Unreal Projects/Tank_Operators/Content/TopDown/Textures/LoadCircle/CircleLoad_SpriteSheet_Sprite_1.uasset" 85
"../../../../../../Users/ununh/Documents/Unreal Projects/Tank_Operators/Content/TopDown/Textures/LoadCircle/CircleLoad_SpriteSheet_Sprite_10.uasset" 86
"../../../../../../Users/ununh/Documents/Unreal Projects/Tank_Operators/Content/TopDown/Textures/LoadCircle/CircleLoad_SpriteSheet_Sprite_11.uasset" 87
"../../../../../../Users/ununh/Documents/Unreal Projects/Tank_Operators/Content/TopDown/Textures/LoadCircle/CircleLoad_SpriteSheet_Sprite_12.uasset" 88
"../../../../../../Users/ununh/Documents/Unreal Projects/Tank_Operators/Content/TopDown/Textures/LoadCircle/CircleLoad_SpriteSheet_Sprite_13.uasset" 89
"../../../../../../Users/ununh/Documents/Unreal Projects/Tank_Operators/Content/TopDown/Textures/LoadCircle/CircleLoad_SpriteSheet_Sprite_14.uasset" 90
"../../../../../../Users/ununh/Documents/Unreal Projects/Tank_Operators/Content/TopDown/Textures/LoadCircle/CircleLoad_SpriteSheet_Sprite_15.uasset" 91
"../../../../../../Users/ununh/Documents/Unreal Projects/Tank_Operators/Content/TopDown/Textures/LoadCircle/CircleLoad_SpriteSheet_Sprite_2.uasset" 92
"../../../../../../Users/ununh/Documents/Unreal Projects/Tank_Operators/Content/TopDown/Textures/LoadCircle/CircleLoad_SpriteSheet_Sprite_3.uasset" 93
"../../../../../../Users/ununh/Documents/Unreal Projects/Tank_Operators/Content/TopDown/Textures/LoadCircle/CircleLoad_SpriteSheet_Sprite_4.uasset" 94
"../../../../../../Users/ununh/Documents/Unreal Projects/Tank_Operators/Content/TopDown/Textures/LoadCircle/CircleLoad_SpriteSheet_Sprite_5.uasset" 95
"../../../../../../Users/ununh/Documents/Unreal Projects/Tank_Operators/Content/TopDown/Textures/LoadCircle/CircleLoad_SpriteSheet_Sprite_6.uasset" 96
"../../../../../../Users/ununh/Documents/Unreal Projects/Tank_Operators/Content/TopDown/Textures/LoadCircle/CircleLoad_SpriteSheet_Sprite_7.uasset" 97
"../../../../../../Users/ununh/Documents/Unreal Projects/Tank_Operators/Content/TopDown/Textures/LoadCircle/CircleLoad_SpriteSheet_Sprite_8.uasset" 98
"../../../../../../Users/ununh/Documents/Unreal Projects/Tank_Operators/Content/TopDown/Textures/LoadCircle/CircleLoad_SpriteSheet_Sprite_9.uasset" 99
"../../../../../../Users/ununh/Documents/Unreal Projects/Tank_Operators/Content/TopDown/Textures/LoadCircle/LoadCircle_Flipbook.uasset" 100
"../../../../../../Users/ununh/Documents/Unreal Projects/Tank_Operators/Content/TopDown/Textures/Player/Walk/PlayerWalk_SpriteSheet_Sprite_1.uasset" 101
"../../../../../../Users/ununh/Documents/Unreal Projects/Tank_Operators/Content/TopDown/Textures/Player/Walk/PlayerIdleEmpty.uasset" 102
"../../../../../../Users/ununh/Documents/Unreal Projects/Tank_Operators/Content/TopDown/Textures/Player/Walk/PlayerWalk_SpriteSheet_Sprite_0.uasset" 103
"../../../../../../Users/ununh/Documents/Unreal Projects/Tank_Operators/Content/TopDown/Textures/Player/Walk/PlayerWalk_SpriteSheet_Sprite_2.uasset" 104
"../../../../../../Users/ununh/Documents/Unreal Projects/Tank_Operators/Content/TopDown/Textures/Player/Walk/PlayerWalk_SpriteSheet_Sprite_3.uasset" 105
"../../../../../../Users/ununh/Documents/Unreal Projects/Tank_Operators/Content/TopDown/Textures/Player/Walk/PlayerWalkEmpty.uasset" 106
"../../../../../../Users/ununh/Documents/Unreal Projects/Tank_Operators/Content/TopDown/Textures/Player/WalkWAmmo/PlayerWalkWAmmo_SpriteSheet_Sprite_1.uasset" 107
"../../../../../../Users/ununh/Documents/Unreal Projects/Tank_Operators/Content/TopDown/Textures/Player/WalkWAmmo/PlayerIdleAmmo.uasset" 108
"../../../../../../Users/ununh/Documents/Unreal Projects/Tank_Operators/Content/TopDown/Textures/Player/WalkWAmmo/PlayerWalkWAmmo_SpriteSheet_Sprite_0.uasset" 109
"../../../../../../Users/ununh/Documents/Unreal Projects/Tank_Operators/Content/TopDown/Textures/Player/WalkWAmmo/PlayerWalkWAmmo_SpriteSheet_Sprite_2.uasset" 110
"../../../../../../Users/ununh/Documents/Unreal Projects/Tank_Operators/Content/TopDown/Textures/Player/WalkWAmmo/PlayerWalkWAmmo_SpriteSheet_Sprite_3.uasset" 111
"../../../../../../Users/ununh/Documents/Unreal Projects/Tank_Operators/Content/TopDown/Textures/Player/WalkWAmmo/PlayerWalkAmmo.uasset" 112
"../../../../../../Users/ununh/Documents/Unreal Projects/Tank_Operators/Content/TopDown/Textures/Player/WalkWRepair/PlayerWalkWRepair_SpriteSheet_Sprite_1.uasset" 113
"../../../../../../Users/ununh/Documents/Unreal Projects/Tank_Operators/Content/TopDown/Textures/Player/WalkWRepair/PlayerIdleRepair.uasset" 114
"../../../../../../Users/ununh/Documents/Unreal Projects/Tank_Operators/Content/TopDown/Textures/Player/WalkWRepair/PlayerWalkWRepair_SpriteSheet_Sprite_0.uasset" 115
"../../../../../../Users/ununh/Documents/Unreal Projects/Tank_Operators/Content/TopDown/Textures/Player/WalkWRepair/PlayerWalkWRepair_SpriteSheet_Sprite_2.uasset" 116
"../../../../../../Users/ununh/Documents/Unreal Projects/Tank_Operators/Content/TopDown/Textures/Player/WalkWRepair/PlayerWalkWRepair_SpriteSheet_Sprite_3.uasset" 117
"../../../../../../Users/ununh/Documents/Unreal Projects/Tank_Operators/Content/TopDown/Textures/Player/WalkWRepair/PlayerWalkRepair.uasset" 118
"../../../../../../Users/ununh/Documents/Unreal Projects/Tank_Operators/Content/TopDown/PlayerParent.uasset" 119
"../../../../../../Users/ununh/Documents/Unreal Projects/Tank_Operators/Content/TopDown/UI/UITankView/UITankView_RenderTarget.uasset" 120
"../../../../../../Users/ununh/Documents/Unreal Projects/Tank_Operators/Content/TopDown/UI/UITankView/WhiteBack.uasset" 121
"../../../../../../Users/ununh/Documents/Unreal Projects/Tank_Operators/Content/TopDown/UI/UITankView/WhiteCenter.uasset" 122
"../../../../../../Users/ununh/Documents/Unreal Projects/Tank_Operators/Content/TopDown/UI/UITankView/WhiteFront.uasset" 123
"../../../../../../Users/ununh/Documents/Unreal Projects/Tank_Operators/Content/TopDown/UI/UITankView/WhiteLeftTrack.uasset" 124
"../../../../../../Users/ununh/Documents/Unreal Projects/Tank_Operators/Content/TopDown/UI/UITankView/WhiteRightTrack.uasset" 125
"../../../../../../Users/ununh/Documents/Unreal Projects/Tank_Operators/Content/TopDown/UI/UITankView/UITank.uasset" 126
"../../../../../../Users/ununh/Documents/Unreal Projects/Tank_Operators/Content/TopDown/Enums/TankSide.uasset" 127
"../../../../../../Users/ununh/Documents/Unreal Projects/Tank_Operators/Content/TopDown/Textures/AmmoIN/AmmoINSpriteSheet_Sprite_0.uasset" 128
"../../../../../../Users/ununh/Documents/Unreal Projects/Tank_Operators/Content/TopDown/Textures/AmmoIN/Flip_AmmoINEmptyOff.uasset" 129
"../../../../../../Users/ununh/Documents/Unreal Projects/Tank_Operators/Content/TopDown/Textures/AmmoIN/AmmoINSpriteSheet_Sprite_1.uasset" 130
"../../../../../../Users/ununh/Documents/Unreal Projects/Tank_Operators/Content/TopDown/Textures/AmmoIN/Flip_AmmoINEmptyOn.uasset" 131
"../../../../../../Users/ununh/Documents/Unreal Projects/Tank_Operators/Content/TopDown/Textures/AmmoIN/AmmoINSpriteSheet_Sprite_2.uasset" 132
"../../../../../../Users/ununh/Documents/Unreal Projects/Tank_Operators/Content/TopDown/Textures/AmmoIN/Flip_AmmoINOff.uasset" 133
"../../../../../../Users/ununh/Documents/Unreal Projects/Tank_Operators/Content/TopDown/Textures/AmmoIN/AmmoINSpriteSheet_Sprite_3.uasset" 134
"../../../../../../Users/ununh/Documents/Unreal Projects/Tank_Operators/Content/TopDown/Textures/AmmoIN/Flip_AmmoINOn.uasset" 135
"../../../../../../Users/ununh/Documents/Unreal Projects/Tank_Operators/Content/TopDown/Textures/Chair/chairOff_Sprite.uasset" 136
"../../../../../../Users/ununh/Documents/Unreal Projects/Tank_Operators/Content/TopDown/Textures/Chair/chairOff_Flipbook.uasset" 137
"../../../../../../Users/ununh/Documents/Unreal Projects/Tank_Operators/Content/TopDown/Textures/Chair/chairOn_Sprite.uasset" 138
"../../../../../../Users/ununh/Documents/Unreal Projects/Tank_Operators/Content/TopDown/Textures/Chair/chairOn_Flipbook.uasset" 139
"../../../../../../Users/ununh/Documents/Unreal Projects/Tank_Operators/Content/TopDown/Textures/Crates/Sprite_AmmoOff.uasset" 140
"../../../../../../Users/ununh/Documents/Unreal Projects/Tank_Operators/Content/TopDown/Textures/Crates/AmmoCrate.uasset" 141
"../../../../../../Users/ununh/Documents/Unreal Projects/Tank_Operators/Content/TopDown/Textures/Crates/Sprite_AmmoOn.uasset" 142
"../../../../../../Users/ununh/Documents/Unreal Projects/Tank_Operators/Content/TopDown/Textures/Crates/AmmoCrateHighlighted.uasset" 143
"../../../../../../Users/ununh/Documents/Unreal Projects/Tank_Operators/Content/TopDown/Textures/Crates/TopDown_soldier_tank_body_Sprite_0.uasset" 144
"../../../../../../Users/ununh/Documents/Unreal Projects/Tank_Operators/Content/TopDown/Textures/Crates/RepairCrate.uasset" 145
"../../../../../../Users/ununh/Documents/Unreal Projects/Tank_Operators/Content/TopDown/Textures/Crates/TopDown_soldier_tank_body_Sprite_1.uasset" 146
"../../../../../../Users/ununh/Documents/Unreal Projects/Tank_Operators/Content/TopDown/Textures/Crates/RepairCrateHighlighted.uasset" 147
"../../../../../../Users/ununh/Documents/Unreal Projects/Tank_Operators/Content/TopDown/UI/WB_GameOver.uasset" 148
"../../../Engine/Content/Functions/Engine_MaterialFunctions02/Utility/MakeFloat4.uasset" 149
"../../../../../../Users/ununh/Documents/Unreal Projects/Tank_Operators/Content/TopDown/UI/UITankView/UITankView_Mat.uasset" 150
"../../../../../../Users/ununh/Documents/Unreal Projects/Tank_Operators/Content/TopDown/UI/WB_UITank.uasset" 151
"../../../../../../Users/ununh/Documents/Unreal Projects/Tank_Operators/Content/TopDown/Tank_Actor.uasset" 152
"../../../../../../Users/ununh/Documents/Unreal Projects/Tank_Operators/Content/TopDown/Frames/Idle_01_png.uasset" 153
"../../../../../../Users/ununh/Documents/Unreal Projects/Tank_Operators/Content/TopDown/Frames/Idle_02_png.uasset" 154
"../../../../../../Users/ununh/Documents/Unreal Projects/Tank_Operators/Content/TopDown/Frames/Idle_03_png.uasset" 155
"../../../../../../Users/ununh/Documents/Unreal Projects/Tank_Operators/Content/TopDown/Frames/Idle_04_png.uasset" 156
"../../../../../../Users/ununh/Documents/Unreal Projects/Tank_Operators/Content/TopDown/FlipBooks/Idle.uasset" 157
"../../../../../../Users/ununh/Documents/Unreal Projects/Tank_Operators/Content/TopDown/Frames/Run_01_png.uasset" 158
"../../../../../../Users/ununh/Documents/Unreal Projects/Tank_Operators/Content/TopDown/Frames/Run_02_png.uasset" 159
"../../../../../../Users/ununh/Documents/Unreal Projects/Tank_Operators/Content/TopDown/Frames/Run_03_png.uasset" 160
"../../../../../../Users/ununh/Documents/Unreal Projects/Tank_Operators/Content/TopDown/Frames/Run_04_png.uasset" 161
"../../../../../../Users/ununh/Documents/Unreal Projects/Tank_Operators/Content/TopDown/Frames/Run_05_png.uasset" 162
"../../../../../../Users/ununh/Documents/Unreal Projects/Tank_Operators/Content/TopDown/Frames/Run_06_png.uasset" 163
"../../../../../../Users/ununh/Documents/Unreal Projects/Tank_Operators/Content/TopDown/Frames/Run_07_png.uasset" 164
"../../../../../../Users/ununh/Documents/Unreal Projects/Tank_Operators/Content/TopDown/FlipBooks/Run.uasset" 165
"../../../../../../Users/ununh/Documents/Unreal Projects/Tank_Operators/Content/TopDown/Delete/toDelete2.uasset" 166
"../../../../../../Users/ununh/Documents/Unreal Projects/Tank_Operators/Content/TopDown/TopDownCharacter.uasset" 167
"../../../../../../Users/ununh/Documents/Unreal Projects/Tank_Operators/Content/TopDown/_/TankViewRenderTarget.uasset" 168
"../../../../../../Users/ununh/Documents/Unreal Projects/Tank_Operators/Content/TopDown/CamView/TankViewRenderTarget.uasset" 169
"../../../../../../Users/ununh/Documents/Unreal Projects/Tank_Operators/Content/TopDown/Delete/alsodeleted.uasset" 170
"../../../../../../Users/ununh/Documents/Unreal Projects/Tank_Operators/Content/TopDown/Delete/deleted.uasset" 171
"../../../../../../Users/ununh/Documents/Unreal Projects/Tank_Operators/Content/TopDown/Delete/todelete.uasset" 172
"../../../../../../Users/ununh/Documents/Unreal Projects/Tank_Operators/Content/TopDown/Delete/yedelete.uasset" 173
"../../../../../../Users/ununh/Documents/Unreal Projects/Tank_Operators/Content/TopDown/Delete/delete.uasset" 174
"../../../../../../Users/ununh/Documents/Unreal Projects/Tank_Operators/Content/TopDown/Delete/toDelete1.uasset" 175
"../../../../../../Users/ununh/Documents/Unreal Projects/Tank_Operators/Content/TopDown/Enemy/BB_Enemy_Tank.uasset" 176
"../../../../../../Users/ununh/Documents/Unreal Projects/Tank_Operators/Content/TopDown/Enemy/GetRandomLocation.uasset" 177
"../../../../../../Users/ununh/Documents/Unreal Projects/Tank_Operators/Content/TopDown/Enemy/MoveToLocation.uasset" 178
"../../../../../../Users/ununh/Documents/Unreal Projects/Tank_Operators/Content/TopDown/Enemy/BT_Enemy_Driving_Tank.uasset" 179
"../../../../../../Users/ununh/Documents/Unreal Projects/Tank_Operators/Content/TopDown/Enemy/AIC_Tank_Enemy.uasset" 180
"../../../../../../Users/ununh/Documents/Unreal Projects/Tank_Operators/Content/TopDown/Enemy/Spawner/SpawnLocation.uasset" 181
"../../../../../../Users/ununh/Documents/Unreal Projects/Tank_Operators/Content/TopDown/UI/WB_WaveCounter.uasset" 182
"../../../../../../Users/ununh/Documents/Unreal Projects/Tank_Operators/Content/TopDown/Enemy/Spawner/Spawner.uasset" 183
"../../../../../../Users/ununh/Documents/Unreal Projects/Tank_Operators/Content/TopDown/Textures/TankBody/TopDown_soldier_tank_body.uasset" 184
"../../../../../../Users/ununh/Documents/Unreal Projects/Tank_Operators/Content/TopDown/Textures/TankBody/TopDown_soldier_tank_body_Sprite.uasset" 185
"../../../../../../Users/ununh/Documents/Unreal Projects/Tank_Operators/Content/TopDown/Textures/TankBody/EnemyBody_Flipbook.uasset" 186
"../../../../../../Users/ununh/Documents/Unreal Projects/Tank_Operators/Content/TopDown/Textures/Turret/TopDown_soldier_tank_turrent_180_Sprite.uasset" 187
"../../../../../../Users/ununh/Documents/Unreal Projects/Tank_Operators/Content/TopDown/Textures/Turret/TopDown_soldier_tank_turrent1.uasset" 188
"../../../../../../Users/ununh/Documents/Unreal Projects/Tank_Operators/Content/TopDown/Enemy/Tank_Enemy.uasset" 189
"../../../../../../Users/ununh/Documents/Unreal Projects/Tank_Operators/Content/TopDown/Debug.uasset" 190
"../../../../../../Users/ununh/Documents/Unreal Projects/Tank_Operators/Content/TopDown/UI/WB_ExitMenu.uasset" 191
"../../../../../../Users/ununh/Documents/Unreal Projects/Tank_Operators/Content/TopDown/UI/WB_Options.uasset" 192
"../../../../../../Users/ununh/Documents/Unreal Projects/Tank_Operators/Content/TopDown/Delete/todelete3.uasset" 193
"../../../../../../Users/ununh/Documents/Unreal Projects/Tank_Operators/Content/TopDown/Delete/todeliete.uasset" 194
"../../../../../../Users/ununh/Documents/Unreal Projects/Tank_Operators/Content/TopDown/Enemy/isForwardTarget.uasset" 195
"../../../../../../Users/ununh/Documents/Unreal Projects/Tank_Operators/Content/TopDown/Enemy/Rotate.uasset" 196
"../../../../../../Users/ununh/Documents/Unreal Projects/Tank_Operators/Content/TopDown/Textures/AmmoIN/AmmoINSpriteSheet.uasset" 197
"../../../../../../Users/ununh/Documents/Unreal Projects/Tank_Operators/Content/TopDown/Textures/Chair/chairOff.uasset" 198
"../../../../../../Users/ununh/Documents/Unreal Projects/Tank_Operators/Content/TopDown/Textures/Chair/chairOn.uasset" 199
"../../../../../../Users/ununh/Documents/Unreal Projects/Tank_Operators/Content/TopDown/Textures/Crates/CrateSpriteSheet.uasset" 200
"../../../../../../Users/ununh/Documents/Unreal Projects/Tank_Operators/Content/TopDown/Textures/Crates/TopDown_soldier_tank_body.uasset" 201
"../../../../../../Users/ununh/Documents/Unreal Projects/Tank_Operators/Content/TopDown/Textures/KeyTooltip/KeyTooltip_SpriteSheet.uasset" 202
"../../../../../../Users/ununh/Documents/Unreal Projects/Tank_Operators/Content/TopDown/Textures/LoadCircle/CircleLoad_SpriteSheet.uasset" 203
"../../../../../../Users/ununh/Documents/Unreal Projects/Tank_Operators/Content/TopDown/Textures/Player/Walk/PlayerWalk_SpriteSheet.uasset" 204
"../../../../../../Users/ununh/Documents/Unreal Projects/Tank_Operators/Content/TopDown/Textures/Player/WalkWAmmo/PlayerWalkWAmmo_SpriteSheet.uasset" 205
"../../../../../../Users/ununh/Documents/Unreal Projects/Tank_Operators/Content/TopDown/Textures/Player/WalkWRepair/PlayerWalkWRepair_SpriteSheet.uasset" 206
"../../../../../../Users/ununh/Documents/Unreal Projects/Tank_Operators/Content/TopDown/Textures/Projectiles/pocisk.uasset" 207
"../../../../../../Users/ununh/Documents/Unreal Projects/Tank_Operators/Content/TopDown/Textures/TankBody/TopDown_soldier_tank_body_v2.uasset" 208
"../../../../../../Users/ununh/Documents/Unreal Projects/Tank_Operators/Content/TopDown/Textures/TankBody/TopDown_soldier_tank_body_v2_Sprite.uasset" 209
"../../../../../../Users/ununh/Documents/Unreal Projects/Tank_Operators/Content/TopDown/Textures/TankBody/TopDown_soldier_tank_body_v3.uasset" 210
"../../../../../../Users/ununh/Documents/Unreal Projects/Tank_Operators/Content/TopDown/Textures/TankBody/TopDown_soldier_tank_body_v3_Sprite.uasset" 211
"../../../../../../Users/ununh/Documents/Unreal Projects/Tank_Operators/Content/TopDown/Textures/TankBody/TopDown_soldier_tank_body_v4.uasset" 212
"../../../../../../Users/ununh/Documents/Unreal Projects/Tank_Operators/Content/TopDown/Textures/TankBody/TopDown_soldier_tank_body_v4_Sprite.uasset" 213
"../../../../../../Users/ununh/Documents/Unreal Projects/Tank_Operators/Content/TopDown/Textures/TankBody/TopDown_soldier_tank_body_v5.uasset" 214
"../../../../../../Users/ununh/Documents/Unreal Projects/Tank_Operators/Content/TopDown/Textures/TankBody/TopDown_soldier_tank_body_v5_Sprite.uasset" 215
"../../../../../../Users/ununh/Documents/Unreal Projects/Tank_Operators/Content/TopDown/Textures/TankBody/TopDown_soldier_tank_body_v6.uasset" 216
"../../../../../../Users/ununh/Documents/Unreal Projects/Tank_Operators/Content/TopDown/Textures/Turret/EnemyTurret_FlipBook.uasset" 217
"../../../../../../Users/ununh/Documents/Unreal Projects/Tank_Operators/Content/TopDown/Textures/Turret/TopDown_soldier_tank_turrent.uasset" 218
"../../../../../../Users/ununh/Documents/Unreal Projects/Tank_Operators/Content/TopDown/Textures/Turret/TopDown_soldier_tank_turrent_180.uasset" 219
"../../../../../../Users/ununh/Documents/Unreal Projects/Tank_Operators/Content/TopDown/Tiles/Textures/stone_tile_Sprite.uasset" 220
"../../../../../../Users/ununh/Documents/Unreal Projects/Tank_Operators/Content/TopDown/Tiles/ConcreteTile.uasset" 221
"../../../../../../Users/ununh/Documents/Unreal Projects/Tank_Operators/Content/TopDown/Tiles/StoneTile.uasset" 222
"../../../../../../Users/ununh/Documents/Unreal Projects/Tank_Operators/Content/TopDown/Tiles/Textures/leaves_tile.uasset" 223
"../../../../../../Users/ununh/Documents/Unreal Projects/Tank_Operators/Content/TopDown/Tiles/Textures/leaves_tile_Sprite.uasset" 224
"../../../../../../Users/ununh/Documents/Unreal Projects/Tank_Operators/Content/TopDown/Tiles/Textures/stone_tile.uasset" 225
"../../../../../../Users/ununh/Documents/Unreal Projects/Tank_Operators/Content/TopDown/Tiles/Textures/tilesheet.uasset" 226
"../../../../../../Users/ununh/Documents/Unreal Projects/Tank_Operators/Content/TopDown/Tiles/Textures/tilesheet_TileSet.uasset" 227
"../../../../../../Users/ununh/Documents/Unreal Projects/Tank_Operators/Content/TopDown/Tiles/Textures/water_tile.uasset" 228
"../../../../../../Users/ununh/Documents/Unreal Projects/Tank_Operators/Content/TopDown/UI/UITankView/TopDown_soldier_tank_body-1_png__2___2_.uasset" 229
"../../../../../../Users/ununh/Documents/Unreal Projects/Tank_Operators/Content/TopDown/_/CrateState.uasset" 230
"../../../../../../Users/ununh/Documents/Unreal Projects/Tank_Operators/Content/TopDown/_/TextureRenderTarget2D.uasset" 231
"../../../Engine/Content/Animation/DefaultAnimBoneCompressionSettings.uasset" 232
"../../../Engine/Content/Animation/DefaultAnimCurveCompressionSettings.uasset" 233
"../../../Engine/Content/ArtTools/RenderToTexture/Meshes/S_1_Unit_Plane.uasset" 234
"../../../Engine/Content/EngineMaterials/DefaultMaterial.uasset" 235
"../../../Engine/Content/BasicShapes/Cone.uasset" 236
"../../../Engine/Content/BasicShapes/Cylinder.uasset" 237
"../../../Engine/Content/BasicShapes/Plane.uasset" 238
"../../../Engine/Content/BasicShapes/Sphere.uasset" 239
"../../../Engine/Content/EditorLandscapeResources/DataLayer.uasset" 240
"../../../Engine/Content/EditorMaterials/MAT_Groups_Toggle.uasset" 241
"../../../Engine/Content/EditorMaterials/MAT_Groups_Visibility.uasset" 242
"../../../Engine/Content/EditorMaterials/PreviewShadowIndicator.uasset" 243
"../../../Engine/Content/EditorMaterials/PreviewShadowIndicatorMaterial.uasset" 244
"../../../Engine/Content/EditorMaterials/MatineeGroups/MAT_ColorTrack.uasset" 245
"../../../Engine/Content/EditorMaterials/MatineeGroups/MAT_Groups_Anim.uasset" 246
"../../../Engine/Content/EditorMaterials/MatineeGroups/MAT_Groups_AudioMaster.uasset" 247
"../../../Engine/Content/EditorMaterials/MatineeGroups/MAT_Groups_Director.uasset" 248
"../../../Engine/Content/EditorMaterials/MatineeGroups/MAT_Groups_Event.uasset" 249
"../../../Engine/Content/EditorMaterials/MatineeGroups/MAT_Groups_Fade.uasset" 250
"../../../Engine/Content/EditorMaterials/MatineeGroups/MAT_Groups_Float.uasset" 251
"../../../Engine/Content/EditorMaterials/MatineeGroups/MAT_Groups_Move.uasset" 252
"../../../Engine/Content/EditorMaterials/MatineeGroups/MAT_Groups_Slomo.uasset" 253
"../../../Engine/Content/EditorMaterials/MatineeGroups/MAT_Groups_Sound.uasset" 254
"../../../Engine/Content/EditorMaterials/MatineeGroups/MAT_Groups_Vector.uasset" 255
"../../../Engine/Content/EditorMaterials/ParticleSystems/PSysThumbnail_NoImage.uasset" 256
"../../../Engine/Content/EditorMaterials/ParticleSystems/PSysThumbnail_OOD.uasset" 257
"../../../Engine/Content/EditorMaterials/Camera/CineMat.uasset" 258
"../../../Engine/Content/EditorMaterials/Camera/MI_CineMat_Rig.uasset" 259
"../../../Engine/Content/EditorMeshes/Camera/SM_CraneRig_Arm.uasset" 260
"../../../Engine/Content/EditorMeshes/Camera/SM_CraneRig_Base.uasset" 261
"../../../Engine/Content/EditorMeshes/Camera/SM_CraneRig_Body.uasset" 262
"../../../Engine/Content/EditorMeshes/Camera/SM_CraneRig_Mount.uasset" 263
"../../../Engine/Content/EditorMeshes/Camera/SM_RailRig_Mount.uasset" 264
"../../../Engine/Content/EditorMeshes/Camera/SM_RailRig_Track.uasset" 265
"../../../Engine/Content/EditorResources/BSPVertex.uasset" 266
"../../../Engine/Content/EditorResources/EmptyActor.uasset" 267
"../../../Engine/Content/EditorResources/S_Actor.uasset" 268
"../../../Engine/Content/EditorResources/S_Note.uasset" 269
"../../../Engine/Content/EditorResources/S_Solver.uasset" 270
"../../../Engine/Content/EditorResources/S_Trigger.uasset" 271
"../../../Engine/Content/EditorResources/LightIcons/S_LightError.uasset" 272
"../../../Engine/Content/EditorResources/SequenceRecorder/Countdown.uasset" 273
"../../../Engine/Content/EditorResources/SequenceRecorder/RecordingIndicator.uasset" 274
"../../../Engine/Content/EditorSounds/Notifications/CompileFailed.uasset" 275
"../../../Engine/Content/EditorSounds/Notifications/CompileFailed_Cue.uasset" 276
"../../../Engine/Content/EditorSounds/Notifications/CompileSuccess.uasset" 277
"../../../Engine/Content/EditorSounds/Notifications/CompileStart_Cue.uasset" 278
"../../../Engine/Content/EditorSounds/Notifications/CompileSuccess_Cue.uasset" 279
"../../../Engine/Content/EngineDamageTypes/DmgTypeBP_Environmental.uasset" 280
"../../../Engine/Content/EngineDebugMaterials/DebugEditorMaterial.uasset" 281
"../../../Engine/Content/EngineDebugMaterials/DebugMeshMaterial.uasset" 282
"../../../Engine/Content/EngineDebugMaterials/M_SimpleUnlitTranslucent.uasset" 283
"../../../Engine/Content/Functions/Engine_MaterialFunctions02/Utility/CameraDirectionVector.uasset" 284
"../../../Engine/Content/EngineDebugMaterials/VolumeToRender.uasset" 285
"../../../Engine/Content/EngineDebugMaterials/M_VolumeRenderSphereTracePP.uasset" 286
"../../../Engine/Content/EngineDebugMaterials/WireframeMaterial.uasset" 287
"../../../Engine/Content/EngineFonts/Faces/DroidSansFallback.uasset" 288
"../../../Engine/Content/EngineFonts/Faces/RobotoBold.uasset" 289
"../../../Engine/Content/EngineFonts/Faces/RobotoBoldItalic.uasset" 290
"../../../Engine/Content/EngineFonts/Faces/RobotoItalic.uasset" 291
"../../../Engine/Content/EngineFonts/Faces/RobotoLight.uasset" 292
"../../../Engine/Content/EngineFonts/Faces/RobotoRegular.uasset" 293
"../../../Engine/Content/EngineFonts/Roboto.uasset" 294
"../../../Engine/Content/EngineMaterials/BaseFlattenDiffuseMap.uasset" 295
"../../../Engine/Content/EngineMaterials/BaseFlattenEmissiveMap.uasset" 296
"../../../Engine/Content/EngineMaterials/BaseFlattenGrayscaleMap.uasset" 297
"../../../Engine/Content/EngineMaterials/BaseFlattenNormalMap.uasset" 298
"../../../Engine/Content/EngineMaterials/BaseFlattenMaterial.uasset" 299
"../../../Engine/Content/EngineMaterials/BlueNoise.uasset" 300
"../../../Engine/Content/EngineMaterials/DefaultBloomKernel.uasset" 301
"../../../Engine/Content/EngineMaterials/DefaultBokeh.uasset" 302
"../../../Engine/Content/EngineMaterials/DefaultDiffuse.uasset" 303
"../../../Engine/Content/EngineMaterials/DefaultDeferredDecalMaterial.uasset" 304
"../../../Engine/Content/EngineMaterials/DefaultLightFunctionMaterial.uasset" 305
"../../../Engine/Content/EngineMaterials/DefaultPhysicalMaterial.uasset" 306
"../../../Engine/Content/Functions/Engine_MaterialFunctions02/Utility/BreakOutFloat2Components.uasset" 307
"../../../Engine/Content/EngineMaterials/DefaultPostProcessMaterial.uasset" 308
"../../../Engine/Content/EngineFonts/RobotoDistanceField.uasset" 309
"../../../Engine/Content/EngineMaterials/DefaultTextMaterialOpaque.uasset" 310
"../../../Engine/Content/EngineMaterials/DefaultWhiteGrid.uasset" 311
"../../../Engine/Content/EngineMaterials/DefaultWhiteGrid_Low.uasset" 312
"../../../Engine/Content/EngineMaterials/EmissiveMeshMaterial.uasset" 313
"../../../Engine/Content/EngineMaterials/GizmoMaterial.uasset" 314
"../../../Engine/Content/EngineMaterials/Good64x64TilingNoiseHighFreq.uasset" 315
"../../../Engine/Content/EngineMaterials/MiniFont.uasset" 316
"../../../Engine/Content/EngineMaterials/InvalidLightmapSettings.uasset" 317
"../../../Engine/Content/EngineMaterials/M_InvalidLightmapSettings.uasset" 318
"../../../Engine/Content/Functions/Engine_MaterialFunctions02/WorldPositionOffset/CameraOffset.uasset" 319
"../../../Engine/Content/EngineMaterials/PhAT_JointLimitMaterial.uasset" 320
"../../../Engine/Content/EngineMaterials/PreintegratedSkinBRDF.uasset" 321
"../../../Engine/Content/EngineMaterials/RemoveSurfaceMaterial.uasset" 322
"../../../Engine/Content/EngineMaterials/WeightMapPlaceholderTexture.uasset" 323
"../../../Engine/Content/EngineResources/WhiteSquareTexture.uasset" 324
"../../../Engine/Content/EngineMaterials/Widget3DPassThrough.uasset" 325
"../../../Engine/Content/EngineMaterials/Widget3DPassThrough_Masked.uasset" 326
"../../../Engine/Content/EngineMaterials/Widget3DPassThrough_Opaque.uasset" 327
"../../../Engine/Content/EngineMaterials/Widget3DPassThrough_Masked_OneSided.uasset" 328
"../../../Engine/Content/EngineMaterials/Widget3DPassThrough_Opaque_OneSided.uasset" 329
"../../../Engine/Content/EngineMaterials/Widget3DPassThrough_Translucent.uasset" 330
"../../../Engine/Content/EngineMaterials/Widget3DPassThrough_Translucent_OneSided.uasset" 331
"../../../Engine/Content/EngineMeshes/Cylinder.uasset" 332
"../../../Engine/Content/EngineMeshes/Sphere.uasset" 333
"../../../Engine/Content/EngineResources/Black.uasset" 334
"../../../Engine/Content/EngineResources/DefaultTexture.uasset" 335
"../../../Engine/Content/EngineResources/DefaultTextureCube.uasset" 336
"../../../Engine/Content/EngineResources/DefaultVolumeTexture2D.uasset" 337
"../../../Engine/Content/EngineResources/DefaultVolumeTexture.uasset" 338
"../../../Engine/Content/EngineResources/GradientTexture0.uasset" 339
"../../../Engine/Content/EngineSounds/Master.uasset" 340
"../../../Engine/Content/Functions/Engine_MaterialFunctions01/Shading/ConvertFromDiffSpec.uasset" 341
"../../../Engine/Content/Functions/Engine_MaterialFunctions01/Shading/PowerToRoughness.uasset" 342
"../../../Engine/Content/Maps/Templates/Thumbnails/Default.uasset" 343
"../../../Engine/Content/Maps/Templates/Thumbnails/TimeOfDay.uasset" 344
"../../../Engine/Content/Maps/Templates/Thumbnails/VR-Basic.uasset" 345
"../../../Engine/Content/MobileResources/T_MobileControls_texture.uasset" 346
"../../../Engine/Content/MobileResources/T_MobileMenu2.uasset" 347
"../../../Engine/Content/MobileResources/HUD/AnalogHat.uasset" 348
"../../../Engine/Content/MobileResources/HUD/VirtualJoystick_Background.uasset" 349
"../../../Engine/Content/MobileResources/HUD/VirtualJoystick_Thumb.uasset" 350
"../../../Engine/Content/MobileResources/HUD/DefaultVirtualJoysticks.uasset" 351
"../../../Engine/Content/MobileResources/HUD/LeftVirtualJoystickOnly.uasset" 352
"../../../Engine/Content/MobileResources/HUD/MobileHUDButton1_off.uasset" 353
"../../../Engine/Content/MobileResources/HUD/MobileHUDButton1_on.uasset" 354
"../../../Engine/Content/MobileResources/HUD/MobileHUDButton2_off.uasset" 355
"../../../Engine/Content/MobileResources/HUD/MobileHUDButton2_on.uasset" 356
"../../../Engine/Content/MobileResources/HUD/MobileHUDButton3.uasset" 357
"../../../Engine/Content/MobileResources/HUD/MobileHUDButtonFire.uasset" 358
"../../../Engine/Content/MobileResources/HUD/MobileHUDDirectionPad.uasset" 359
"../../../Engine/Content/MobileResources/HUD/MobileHUDDirectionPad2.uasset" 360
"../../../Engine/Content/MobileResources/HUD/MobileHUDDirectionPad3.uasset" 361
"../../../Engine/Content/MobileResources/HUD/MobileHUDDirectionStick.uasset" 362
"../../../Engine/Content/MobileResources/HUD/T_Castle_ThumbstickInner.uasset" 363
"../../../Engine/Content/MobileResources/HUD/T_Castle_ThumbstickOutter.uasset" 364
"../../../Engine/Content/Tutorial/ContentIntroCurve.uasset" 365
"../../../Engine/Content/Tutorial/Basics/LevelEditorAttract.uasset" 366
"../../../Engine/Content/Tutorial/Basics/TutorialAssets/icon_tab_Levels_40x.uasset" 367
"../../../Engine/Content/Tutorial/Basics/LevelEditorOverview.uasset" 368
"../../../Engine/Content/VREditor/LaserPointer/VR_LaserPower_01.uasset" 369
"../../../Engine/Content/VREditor/TransformGizmo/TransformGizmoMaterial.uasset" 370
"../../../Engine/Content/VREditor/TransformGizmo/TranslucentTransformGizmoMaterial.uasset" 371
"../../../Engine/Content/VREditor/TransformGizmo/BoundingBoxCorner.uasset" 372
"../../../Engine/Content/VREditor/TransformGizmo/BoundingBoxEdge.uasset" 373
"../../../Engine/Content/VREditor/TransformGizmo/PlaneTranslationHandle.uasset" 374
"../../../Engine/Content/VREditor/TransformGizmo/Main.uasset" 375
"../../../Engine/Content/VREditor/TransformGizmo/Xray.uasset" 376
"../../../Engine/Content/VREditor/TransformGizmo/SM_Sequencer_Key.uasset" 377
"../../../Engine/Content/VREditor/TransformGizmo/SM_Sequencer_Node.uasset" 378
"../../Plugins/2D/Paper2D/Content/DummySprite.uasset" 379
"../../Plugins/2D/Paper2D/Content/DefaultPaperTerrainMaterial.uasset" 380
"../../Plugins/2D/Paper2D/Content/MaskedUnlitSpriteMaterial.uasset" 381
"../../Plugins/2D/Paper2D/Content/OpaqueUnlitSpriteMaterial.uasset" 382
"../../Plugins/FX/Niagara/Content/Enums/ENiagaraBooleanLogicOps.uasset" 383
"../../Plugins/FX/Niagara/Content/Enums/ENiagaraCoordinateSpace.uasset" 384
"../../Plugins/FX/Niagara/Content/Enums/ENiagaraExpansionMode.uasset" 385
"../../Plugins/FX/Niagara/Content/Enums/ENiagaraOrientationAxis.uasset" 386
"../../Plugins/FX/Niagara/Content/Enums/ENiagaraRandomnessMode.uasset" 387
"../../../Engine/Content/Functions/Engine_MaterialFunctions02/Utility/BreakOutFloat4Components.uasset" 388
"../../../Engine/Content/Functions/Engine_MaterialFunctions02/Utility/MakeFloat2.uasset" 389
"../../../Engine/Content/Functions/Engine_MaterialFunctions02/Utility/MakeFloat3.uasset" 390
"../../Plugins/Runtime/Oculus/OculusVR/Content/Materials/OculusMR_ChromaKey.uasset" 391
"../../Plugins/Runtime/Oculus/OculusVR/Content/Materials/OculusMR_ChromaKey_Lit.uasset" 392
"../../Plugins/Runtime/Oculus/OculusVR/Content/Materials/OculusMR_OpaqueColoredMaterial.uasset" 393
"../../Plugins/Runtime/Oculus/OculusVR/Content/Materials/OculusMR_WhiteMaterial.uasset" 394
"../../../../../../Users/ununh/Documents/Unreal Projects/Tank_Operators/Content/TopDown/Player1child.uasset" 395
"../../../../../../Users/ununh/Documents/Unreal Projects/Tank_Operators/Content/TopDown/Player2child.uasset" 396
"../../../Engine/Content/EngineSky/C_Sky_Cloud_Color.uasset" 397
"../../../Engine/Content/EngineSky/C_Sky_Horizon_Color.uasset" 398
"../../../Engine/Content/EngineSky/C_Sky_Zenith_Color.uasset" 399
"../../../Engine/Content/EngineSky/T_Sky_Blue.uasset" 400
"../../../Engine/Content/EngineSky/T_Sky_Clouds_M.uasset" 401
"../../../Engine/Content/EngineSky/T_Sky_Stars.uasset" 402
"../../../Engine/Content/EngineSky/M_Sky_Panning_Clouds2.uasset" 403
"../../../Engine/Content/EngineSky/SM_SkySphere.uasset" 404
"../../../Engine/Content/EngineSky/BP_Sky_Sphere.uasset" 405
"../../../../../../Users/ununh/Documents/Unreal Projects/Tank_Operators/Content/TopDown/HUD/HUD_Topdown.uasset" 406
"../../../../../../Users/ununh/Documents/Unreal Projects/Tank_Operators/Content/ThirdPersonBP/Blueprints/ThirdPersonGameMode.uasset" 407
"../../../../../../Users/ununh/Documents/Unreal Projects/Tank_Operators/Content/TopDown/Tiles/Textures/brick_tile.uasset" 408
"../../../../../../Users/ununh/Documents/Unreal Projects/Tank_Operators/Content/TopDown/Tiles/Textures/brick_tile_Sprite.uasset" 409
"../../../../../../Users/ununh/Documents/Unreal Projects/Tank_Operators/Content/TopDown/Tiles/BrickTile.uasset" 410
"../../../../../../Users/ununh/Documents/Unreal Projects/Tank_Operators/Content/ThirdPersonBP/Maps/ThirdPersonExampleMap_BuiltData.uasset" 411
"../../../../../../Users/ununh/Documents/Unreal Projects/Tank_Operators/Content/TopDown/Tiles/Textures/grass_tile.uasset" 412
"../../../../../../Users/ununh/Documents/Unreal Projects/Tank_Operators/Content/TopDown/Tiles/TileSet.uasset" 413
"../../../../../../Users/ununh/Documents/Unreal Projects/Tank_Operators/Content/TopDown/Tiles/TileMap.uasset" 414
"../../../../../../Users/ununh/Documents/Unreal Projects/Tank_Operators/Content/ThirdPersonBP/Maps/ThirdPersonExampleMap.umap" 415
"../../../../../../Users/ununh/Documents/Unreal Projects/Tank_Operators/Content/TopDown/Tiles/Textures/water_tile_Sprite.uasset" 416
"../../../../../../Users/ununh/Documents/Unreal Projects/Tank_Operators/Content/TopDown/Tiles/WaterTile.uasset" 417
"../../../../../../Users/ununh/Documents/Unreal Projects/Tank_Operators/Content/TopDown/Levels/Arena_BuiltData.uasset" 418
"../../../../../../Users/ununh/Documents/Unreal Projects/Tank_Operators/Content/TopDown/Tiles/Textures/tilesheet-1_png__1_.uasset" 419
"../../../../../../Users/ununh/Documents/Unreal Projects/Tank_Operators/Content/TopDown/Tiles/Textures/tilesheet-1_png__1__TileSet.uasset" 420
"../../../../../../Users/ununh/Documents/Unreal Projects/Tank_Operators/Content/TopDown/Tiles/HigherTileMap.uasset" 421
"../../../../../../Users/ununh/Documents/Unreal Projects/Tank_Operators/Content/TopDown/Levels/Arena.umap" 422
"../../../../../../Users/ununh/Documents/Unreal Projects/Tank_Operators/Content/TopDown/UI/WB_MainMenu.uasset" 423
"../../../../../../Users/ununh/Documents/Unreal Projects/Tank_Operators/Content/TopDown/Levels/MainMenu.umap" 424
"../../../Engine/Content/Maps/Entry_BuiltData.uasset" 425
"../../../Engine/Content/Maps/Entry.umap" 426
